  [1m[35m (104.3ms)[0m  [1m[35mSET NAMES utf8,  @@SESSION.sql_mode = CONCAT(CONCAT(@@sql_mode, ',STRICT_ALL_TABLES'), ',NO_AUTO_VALUE_ON_ZERO'),  @@SESSION.sql_auto_is_null = 0, @@SESSION.wait_timeout = 2147483[0m
  ↳ bin/rails:9
  [1m[35m (339.9ms)[0m  [1m[35mCREATE TABLE `schema_migrations` (`version` varchar(255) NOT NULL PRIMARY KEY)[0m
  ↳ bin/rails:9
  [1m[35m (403.8ms)[0m  [1m[35mCREATE TABLE `ar_internal_metadata` (`key` varchar(255) NOT NULL PRIMARY KEY, `value` varchar(255), `created_at` datetime NOT NULL, `updated_at` datetime NOT NULL)[0m
  ↳ bin/rails:9
  [1m[35m (0.6ms)[0m  [1m[34mSELECT GET_LOCK('3495111854784753105', 0)[0m
  ↳ bin/rails:9
  [1m[35m (0.3ms)[0m  [1m[34mSELECT `schema_migrations`.`version` FROM `schema_migrations` ORDER BY `schema_migrations`.`version` ASC[0m
  ↳ bin/rails:9
Migrating to CreateUsers (20180417114334)
  [1m[35m (384.9ms)[0m  [1m[35mCREATE TABLE `users` (`id` bigint NOT NULL AUTO_INCREMENT PRIMARY KEY, `name` varchar(255), `email` varchar(255), `created_at` datetime NOT NULL, `updated_at` datetime NOT NULL)[0m
  ↳ db/migrate/20180417114334_create_users.rb:3
  [1m[35m (0.2ms)[0m  [1m[35mBEGIN[0m
  ↳ bin/rails:9
  [1m[36mActiveRecord::SchemaMigration Create (12.7ms)[0m  [1m[32mINSERT INTO `schema_migrations` (`version`) VALUES ('20180417114334')[0m
  ↳ bin/rails:9
  [1m[35m (56.5ms)[0m  [1m[35mCOMMIT[0m
  ↳ bin/rails:9
  [1m[36mActiveRecord::InternalMetadata Load (2.2ms)[0m  [1m[34mSELECT  `ar_internal_metadata`.* FROM `ar_internal_metadata` WHERE `ar_internal_metadata`.`key` = 'environment' LIMIT 1[0m
  ↳ bin/rails:9
  [1m[35m (0.5ms)[0m  [1m[35mBEGIN[0m
  ↳ bin/rails:9
  [1m[36mActiveRecord::InternalMetadata Create (0.7ms)[0m  [1m[32mINSERT INTO `ar_internal_metadata` (`key`, `value`, `created_at`, `updated_at`) VALUES ('environment', 'development', '2018-04-17 12:18:08', '2018-04-17 12:18:08')[0m
  ↳ bin/rails:9
  [1m[35m (59.4ms)[0m  [1m[35mCOMMIT[0m
  ↳ bin/rails:9
  [1m[35m (0.7ms)[0m  [1m[34mSELECT RELEASE_LOCK('3495111854784753105')[0m
  ↳ bin/rails:9
  [1m[35m (1.0ms)[0m  [1m[34mSELECT `schema_migrations`.`version` FROM `schema_migrations` ORDER BY `schema_migrations`.`version` ASC[0m
  ↳ bin/rails:9
  [1m[35m (0.3ms)[0m  [1m[35mSET NAMES utf8,  @@SESSION.sql_mode = CONCAT(CONCAT(@@sql_mode, ',STRICT_ALL_TABLES'), ',NO_AUTO_VALUE_ON_ZERO'),  @@SESSION.sql_auto_is_null = 0, @@SESSION.wait_timeout = 2147483[0m
  ↳ bin/rails:9
  [1m[35m (0.1ms)[0m  [1m[34mSELECT GET_LOCK('3495111854784753105', 0)[0m
  ↳ bin/rails:9
  [1m[35m (0.2ms)[0m  [1m[34mSELECT `schema_migrations`.`version` FROM `schema_migrations` ORDER BY `schema_migrations`.`version` ASC[0m
  ↳ bin/rails:9
  [1m[36mActiveRecord::InternalMetadata Load (0.3ms)[0m  [1m[34mSELECT  `ar_internal_metadata`.* FROM `ar_internal_metadata` WHERE `ar_internal_metadata`.`key` = 'environment' LIMIT 1[0m
  ↳ bin/rails:9
  [1m[35m (0.2ms)[0m  [1m[35mBEGIN[0m
  ↳ bin/rails:9
  [1m[35m (0.2ms)[0m  [1m[35mCOMMIT[0m
  ↳ bin/rails:9
  [1m[35m (0.2ms)[0m  [1m[34mSELECT RELEASE_LOCK('3495111854784753105')[0m
  ↳ bin/rails:9
  [1m[35m (0.2ms)[0m  [1m[34mSELECT `schema_migrations`.`version` FROM `schema_migrations` ORDER BY `schema_migrations`.`version` ASC[0m
  ↳ bin/rails:9
Started GET "/" for 127.0.0.1 at 2018-04-17 18:02:12 +0530
  [1m[35m (0.2ms)[0m  [1m[35mSET NAMES utf8,  @@SESSION.sql_mode = CONCAT(CONCAT(@@sql_mode, ',STRICT_ALL_TABLES'), ',NO_AUTO_VALUE_ON_ZERO'),  @@SESSION.sql_auto_is_null = 0, @@SESSION.wait_timeout = 2147483[0m
  ↳ /home/webonise/.rvm/gems/ruby-2.4.1/gems/activerecord-5.2.0/lib/active_record/log_subscriber.rb:98
  [1m[35m (0.3ms)[0m  [1m[34mSELECT `schema_migrations`.`version` FROM `schema_migrations` ORDER BY `schema_migrations`.`version` ASC[0m
  ↳ /home/webonise/.rvm/gems/ruby-2.4.1/gems/activerecord-5.2.0/lib/active_record/log_subscriber.rb:98
Processing by Rails::WelcomeController#index as HTML
  Rendering /home/webonise/.rvm/gems/ruby-2.4.1/gems/railties-5.2.0/lib/rails/templates/rails/welcome/index.html.erb
  Rendered /home/webonise/.rvm/gems/ruby-2.4.1/gems/railties-5.2.0/lib/rails/templates/rails/welcome/index.html.erb (1.7ms)
Completed 200 OK in 9ms (Views: 3.4ms | ActiveRecord: 0.0ms)


Started GET "/users" for 127.0.0.1 at 2018-04-17 18:02:19 +0530
  [1m[35m (0.3ms)[0m  [1m[35mSET NAMES utf8,  @@SESSION.sql_mode = CONCAT(CONCAT(@@sql_mode, ',STRICT_ALL_TABLES'), ',NO_AUTO_VALUE_ON_ZERO'),  @@SESSION.sql_auto_is_null = 0, @@SESSION.wait_timeout = 2147483[0m
  ↳ /home/webonise/.rvm/gems/ruby-2.4.1/gems/activerecord-5.2.0/lib/active_record/log_subscriber.rb:98
Processing by UsersController#index as HTML
  Rendering users/index.html.erb within layouts/application
  [1m[36mUser Load (0.3ms)[0m  [1m[34mSELECT `users`.* FROM `users`[0m
  ↳ app/views/users/index.html.erb:15
  Rendered users/index.html.erb within layouts/application (3.9ms)
Completed 200 OK in 537ms (Views: 533.0ms | ActiveRecord: 0.8ms)


Started GET "/users/new" for 127.0.0.1 at 2018-04-17 18:07:42 +0530
Processing by UsersController#new as HTML
  Rendering users/new.html.erb within layouts/application
  Rendered users/_form.html.erb (469.4ms)
  Rendered users/new.html.erb within layouts/application (471.9ms)
Completed 200 OK in 521ms (Views: 515.2ms | ActiveRecord: 0.9ms)


Started POST "/users" for 127.0.0.1 at 2018-04-17 18:08:24 +0530
Processing by UsersController#create as HTML
  Parameters: {"utf8"=>"✓", "authenticity_token"=>"GSuqtHHINMZLS9lr7v7w3skab9ry2moATKOJF2M+yA+4gc45eWorhEU455d9sepY51YbxPBqCdAIlvoIzm48HQ==", "user"=>{"name"=>"preeti bhosale", "email"=>"preeti.bhosale@weboniselab.com"}, "commit"=>"Create User"}
  [1m[35m (0.6ms)[0m  [1m[35mBEGIN[0m
  ↳ app/controllers/users_controller.rb:30
  [1m[36mUser Create (0.7ms)[0m  [1m[32mINSERT INTO `users` (`name`, `email`, `created_at`, `updated_at`) VALUES ('preeti bhosale', 'preeti.bhosale@weboniselab.com', '2018-04-17 12:38:24', '2018-04-17 12:38:24')[0m
  ↳ app/controllers/users_controller.rb:30
  [1m[35m (71.1ms)[0m  [1m[35mCOMMIT[0m
  ↳ app/controllers/users_controller.rb:30
Redirected to http://localhost:3000/users/1
Completed 302 Found in 88ms (ActiveRecord: 72.4ms)


Started GET "/users/1" for 127.0.0.1 at 2018-04-17 18:08:24 +0530
Processing by UsersController#show as HTML
  Parameters: {"id"=>"1"}
  [1m[36mUser Load (1.1ms)[0m  [1m[34mSELECT  `users`.* FROM `users` WHERE `users`.`id` = 1 LIMIT 1[0m
  ↳ app/controllers/users_controller.rb:67
  Rendering users/show.html.erb within layouts/application
  Rendered users/show.html.erb within layouts/application (4.7ms)
Completed 200 OK in 57ms (Views: 44.4ms | ActiveRecord: 1.1ms)


Started GET "/users" for 127.0.0.1 at 2018-04-17 18:08:27 +0530
Processing by UsersController#index as HTML
  Rendering users/index.html.erb within layouts/application
  [1m[36mUser Load (0.3ms)[0m  [1m[34mSELECT `users`.* FROM `users`[0m
  ↳ app/views/users/index.html.erb:15
  Rendered users/index.html.erb within layouts/application (1.7ms)
Completed 200 OK in 27ms (Views: 26.1ms | ActiveRecord: 0.3ms)


Started GET "/users/1" for 127.0.0.1 at 2018-04-17 18:08:48 +0530
Processing by UsersController#show as HTML
  Parameters: {"id"=>"1"}
  [1m[36mUser Load (0.6ms)[0m  [1m[34mSELECT  `users`.* FROM `users` WHERE `users`.`id` = 1 LIMIT 1[0m
  ↳ app/controllers/users_controller.rb:67
  Rendering users/show.html.erb within layouts/application
  Rendered users/show.html.erb within layouts/application (0.8ms)
Completed 200 OK in 20ms (Views: 18.3ms | ActiveRecord: 0.6ms)


Started GET "/users/1/edit" for 127.0.0.1 at 2018-04-17 18:08:52 +0530
Processing by UsersController#edit as HTML
  Parameters: {"id"=>"1"}
  [1m[36mUser Load (1.3ms)[0m  [1m[34mSELECT  `users`.* FROM `users` WHERE `users`.`id` = 1 LIMIT 1[0m
  ↳ app/controllers/users_controller.rb:67
  Rendering users/edit.html.erb within layouts/application
  Rendered users/_form.html.erb (4.1ms)
  Rendered users/edit.html.erb within layouts/application (7.7ms)
Completed 200 OK in 44ms (Views: 36.3ms | ActiveRecord: 1.3ms)


Started DELETE "/users/1" for 127.0.0.1 at 2018-04-17 18:12:14 +0530
Processing by UsersController#destroy as HTML
  Parameters: {"authenticity_token"=>"8wASAvVhjFB1/Qk4+rYzrYELZt6nQsaCIN0EEnlQ7EBSqnaP/cOTEnuON8Rp+Skrr0cSwKXypVJk6HcN1AAYUg==", "id"=>"1"}
  [1m[36mUser Load (0.5ms)[0m  [1m[34mSELECT  `users`.* FROM `users` WHERE `users`.`id` = 1 LIMIT 1[0m
  ↳ app/controllers/users_controller.rb:67
  [1m[35m (0.2ms)[0m  [1m[35mBEGIN[0m
  ↳ app/controllers/users_controller.rb:57
  [1m[36mUser Destroy (0.4ms)[0m  [1m[31mDELETE FROM `users` WHERE `users`.`id` = 1[0m
  ↳ app/controllers/users_controller.rb:57
  [1m[35m (103.6ms)[0m  [1m[35mCOMMIT[0m
  ↳ app/controllers/users_controller.rb:57
Redirected to http://localhost:3000/users
Completed 302 Found in 109ms (ActiveRecord: 104.7ms)


Started GET "/users" for 127.0.0.1 at 2018-04-17 18:12:14 +0530
Processing by UsersController#index as HTML
  Rendering users/index.html.erb within layouts/application
  [1m[36mUser Load (0.3ms)[0m  [1m[34mSELECT `users`.* FROM `users`[0m
  ↳ app/views/users/index.html.erb:15
  Rendered users/index.html.erb within layouts/application (1.4ms)
Completed 200 OK in 21ms (Views: 19.5ms | ActiveRecord: 0.3ms)


Started GET "/users" for 127.0.0.1 at 2018-04-17 18:12:24 +0530
Processing by UsersController#index as HTML
  Rendering users/index.html.erb within layouts/application
  [1m[36mUser Load (0.8ms)[0m  [1m[34mSELECT `users`.* FROM `users`[0m
  ↳ app/views/users/index.html.erb:15
  Rendered users/index.html.erb within layouts/application (4.4ms)
Completed 200 OK in 35ms (Views: 30.9ms | ActiveRecord: 0.8ms)


Started GET "/users/new" for 127.0.0.1 at 2018-04-17 18:12:26 +0530
Processing by UsersController#new as HTML
  Rendering users/new.html.erb within layouts/application
  Rendered users/_form.html.erb (5.8ms)
  Rendered users/new.html.erb within layouts/application (10.4ms)
Completed 200 OK in 41ms (Views: 36.2ms | ActiveRecord: 0.0ms)


Started POST "/users" for 127.0.0.1 at 2018-04-17 18:12:43 +0530
Processing by UsersController#create as HTML
  Parameters: {"utf8"=>"✓", "authenticity_token"=>"nsnLOhYf25A0Dqhu1kk2MDbC69yLMCyWRYhpkI81vdzQTMz7o5x/D2raWXJGf7rRkJv7vV1UMvABKEAFC+1ITA==", "user"=>{"name"=>"preeti bhosale", "email"=>"preeti.bhosale@weboniselab.com"}, "commit"=>"Create User"}
  [1m[35m (0.3ms)[0m  [1m[35mBEGIN[0m
  ↳ app/controllers/users_controller.rb:30
  [1m[36mUser Create (1.1ms)[0m  [1m[32mINSERT INTO `users` (`name`, `email`, `created_at`, `updated_at`) VALUES ('preeti bhosale', 'preeti.bhosale@weboniselab.com', '2018-04-17 12:42:43', '2018-04-17 12:42:43')[0m
  ↳ app/controllers/users_controller.rb:30
  [1m[35m (59.3ms)[0m  [1m[35mCOMMIT[0m
  ↳ app/controllers/users_controller.rb:30
Redirected to http://localhost:3000/users/2
Completed 302 Found in 70ms (ActiveRecord: 60.7ms)


Started GET "/users/2" for 127.0.0.1 at 2018-04-17 18:12:43 +0530
Processing by UsersController#show as HTML
  Parameters: {"id"=>"2"}
  [1m[36mUser Load (1.1ms)[0m  [1m[34mSELECT  `users`.* FROM `users` WHERE `users`.`id` = 2 LIMIT 1[0m
  ↳ app/controllers/users_controller.rb:67
  Rendering users/show.html.erb within layouts/application
  Rendered users/show.html.erb within layouts/application (1.4ms)
Completed 200 OK in 34ms (Views: 26.4ms | ActiveRecord: 1.1ms)


Started GET "/users" for 127.0.0.1 at 2018-04-17 18:13:37 +0530
Processing by UsersController#index as HTML
  Rendering users/index.html.erb within layouts/application
  [1m[36mUser Load (0.6ms)[0m  [1m[34mSELECT `users`.* FROM `users`[0m
  ↳ app/views/users/index.html.erb:15
  Rendered users/index.html.erb within layouts/application (5.0ms)
Completed 200 OK in 37ms (Views: 32.5ms | ActiveRecord: 0.6ms)


Started GET "/users/new" for 127.0.0.1 at 2018-04-17 18:13:39 +0530
Processing by UsersController#new as HTML
  Rendering users/new.html.erb within layouts/application
  Rendered users/_form.html.erb (4.8ms)
  Rendered users/new.html.erb within layouts/application (9.3ms)
Completed 200 OK in 41ms (Views: 37.5ms | ActiveRecord: 0.0ms)


Started POST "/users" for 127.0.0.1 at 2018-04-17 18:13:49 +0530
Processing by UsersController#create as HTML
  Parameters: {"utf8"=>"✓", "authenticity_token"=>"Bp8CCOrUBxIFveyXVK1Fz8lKZfSD4ICL9iTm9EyId3FIGgXJX1ejjVtpHYvEm8kubxN1lVWEnu2yhM9hyFCC4Q==", "user"=>{"name"=>"anuj shah", "email"=>""}, "commit"=>"Create User"}
  [1m[35m (0.6ms)[0m  [1m[35mBEGIN[0m
  ↳ app/controllers/users_controller.rb:30
  [1m[36mUser Create (1.4ms)[0m  [1m[32mINSERT INTO `users` (`name`, `email`, `created_at`, `updated_at`) VALUES ('anuj shah', '', '2018-04-17 12:43:49', '2018-04-17 12:43:49')[0m
  ↳ app/controllers/users_controller.rb:30
  [1m[35m (201.8ms)[0m  [1m[35mCOMMIT[0m
  ↳ app/controllers/users_controller.rb:30
Redirected to http://localhost:3000/users/3
Completed 302 Found in 217ms (ActiveRecord: 203.8ms)


Started GET "/users/3" for 127.0.0.1 at 2018-04-17 18:13:49 +0530
Processing by UsersController#show as HTML
  Parameters: {"id"=>"3"}
  [1m[36mUser Load (0.2ms)[0m  [1m[34mSELECT  `users`.* FROM `users` WHERE `users`.`id` = 3 LIMIT 1[0m
  ↳ app/controllers/users_controller.rb:67
  Rendering users/show.html.erb within layouts/application
  Rendered users/show.html.erb within layouts/application (0.7ms)
Completed 200 OK in 18ms (Views: 15.9ms | ActiveRecord: 0.2ms)


Started GET "/users" for 127.0.0.1 at 2018-04-17 18:13:57 +0530
Processing by UsersController#index as HTML
  Rendering users/index.html.erb within layouts/application
  [1m[36mUser Load (0.6ms)[0m  [1m[34mSELECT `users`.* FROM `users`[0m
  ↳ app/views/users/index.html.erb:15
  Rendered users/index.html.erb within layouts/application (23.3ms)
Completed 200 OK in 50ms (Views: 45.0ms | ActiveRecord: 0.6ms)


Started GET "/users/new" for 127.0.0.1 at 2018-04-17 18:13:59 +0530
Processing by UsersController#new as HTML
  Rendering users/new.html.erb within layouts/application
  Rendered users/_form.html.erb (4.7ms)
  Rendered users/new.html.erb within layouts/application (8.7ms)
Completed 200 OK in 42ms (Views: 36.4ms | ActiveRecord: 0.0ms)


Started POST "/users" for 127.0.0.1 at 2018-04-17 18:14:15 +0530
Processing by UsersController#create as HTML
  Parameters: {"utf8"=>"✓", "authenticity_token"=>"1qGQE+ijVuiUyQ2GzWVCUGyTB/5GjrVJTMsQQSlHIpqYJJfSXSDyd8od/JpdU86xysoXn5Dqqy8IaznUrZ/XCg==", "user"=>{"name"=>"", "email"=>"shriya.diwate@weboniselab.com"}, "commit"=>"Create User"}
  [1m[35m (0.6ms)[0m  [1m[35mBEGIN[0m
  ↳ app/controllers/users_controller.rb:30
  [1m[36mUser Create (0.7ms)[0m  [1m[32mINSERT INTO `users` (`name`, `email`, `created_at`, `updated_at`) VALUES ('', 'shriya.diwate@weboniselab.com', '2018-04-17 12:44:15', '2018-04-17 12:44:15')[0m
  ↳ app/controllers/users_controller.rb:30
  [1m[35m (87.4ms)[0m  [1m[35mCOMMIT[0m
  ↳ app/controllers/users_controller.rb:30
Redirected to http://localhost:3000/users/4
Completed 302 Found in 101ms (ActiveRecord: 88.7ms)


Started GET "/users/4" for 127.0.0.1 at 2018-04-17 18:14:15 +0530
Processing by UsersController#show as HTML
  Parameters: {"id"=>"4"}
  [1m[36mUser Load (1.1ms)[0m  [1m[34mSELECT  `users`.* FROM `users` WHERE `users`.`id` = 4 LIMIT 1[0m
  ↳ app/controllers/users_controller.rb:67
  Rendering users/show.html.erb within layouts/application
  Rendered users/show.html.erb within layouts/application (3.0ms)
Completed 200 OK in 46ms (Views: 37.3ms | ActiveRecord: 1.1ms)


Started GET "/users" for 127.0.0.1 at 2018-04-17 18:14:35 +0530
Processing by UsersController#index as HTML
  Rendering users/index.html.erb within layouts/application
  [1m[36mUser Load (0.8ms)[0m  [1m[34mSELECT `users`.* FROM `users`[0m
  ↳ app/views/users/index.html.erb:15
  Rendered users/index.html.erb within layouts/application (8.2ms)
Completed 200 OK in 40ms (Views: 34.6ms | ActiveRecord: 0.8ms)


Started GET "/users/new" for 127.0.0.1 at 2018-04-17 18:14:37 +0530
Processing by UsersController#new as HTML
  Rendering users/new.html.erb within layouts/application
  Rendered users/_form.html.erb (4.9ms)
  Rendered users/new.html.erb within layouts/application (8.0ms)
Completed 200 OK in 43ms (Views: 37.8ms | ActiveRecord: 0.0ms)


Started POST "/users" for 127.0.0.1 at 2018-04-17 18:14:56 +0530
Processing by UsersController#create as HTML
  Parameters: {"utf8"=>"✓", "authenticity_token"=>"taSNg+GZsMCTJWguRJwOkDPq6nnCwubkPRtHpX/WAWH7IYpCVBoUX83xmTLUqoJxlbP6GBSm+IJ5u24w+w708Q==", "user"=>{"name"=>"preeti test", "email"=>"preeti.test@"}, "commit"=>"Create User"}
  [1m[35m (0.4ms)[0m  [1m[35mBEGIN[0m
  ↳ app/controllers/users_controller.rb:30
  [1m[36mUser Create (0.6ms)[0m  [1m[32mINSERT INTO `users` (`name`, `email`, `created_at`, `updated_at`) VALUES ('preeti test', 'preeti.test@', '2018-04-17 12:44:56', '2018-04-17 12:44:56')[0m
  ↳ app/controllers/users_controller.rb:30
  [1m[35m (214.1ms)[0m  [1m[35mCOMMIT[0m
  ↳ app/controllers/users_controller.rb:30
Redirected to http://localhost:3000/users/5
Completed 302 Found in 223ms (ActiveRecord: 215.1ms)


Started GET "/users/5" for 127.0.0.1 at 2018-04-17 18:14:56 +0530
Processing by UsersController#show as HTML
  Parameters: {"id"=>"5"}
  [1m[36mUser Load (0.2ms)[0m  [1m[34mSELECT  `users`.* FROM `users` WHERE `users`.`id` = 5 LIMIT 1[0m
  ↳ app/controllers/users_controller.rb:67
  Rendering users/show.html.erb within layouts/application
  Rendered users/show.html.erb within layouts/application (0.5ms)
Completed 200 OK in 15ms (Views: 14.1ms | ActiveRecord: 0.2ms)


Started GET "/users" for 127.0.0.1 at 2018-04-17 18:15:02 +0530
Processing by UsersController#index as HTML
  Rendering users/index.html.erb within layouts/application
  [1m[36mUser Load (0.4ms)[0m  [1m[34mSELECT `users`.* FROM `users`[0m
  ↳ app/views/users/index.html.erb:15
  Rendered users/index.html.erb within layouts/application (3.6ms)
Completed 200 OK in 22ms (Views: 20.8ms | ActiveRecord: 0.4ms)


Started GET "/" for 127.0.0.1 at 2018-04-17 18:57:44 +0530
  [1m[35m (0.9ms)[0m  [1m[35mSET NAMES utf8,  @@SESSION.sql_mode = CONCAT(CONCAT(@@sql_mode, ',STRICT_ALL_TABLES'), ',NO_AUTO_VALUE_ON_ZERO'),  @@SESSION.sql_auto_is_null = 0, @@SESSION.wait_timeout = 2147483[0m
  ↳ /home/webonise/.rvm/gems/ruby-2.4.1/gems/activerecord-5.2.0/lib/active_record/log_subscriber.rb:98
Processing by Rails::WelcomeController#index as HTML
  Rendering /home/webonise/.rvm/gems/ruby-2.4.1/gems/railties-5.2.0/lib/rails/templates/rails/welcome/index.html.erb
  Rendered /home/webonise/.rvm/gems/ruby-2.4.1/gems/railties-5.2.0/lib/rails/templates/rails/welcome/index.html.erb (13.2ms)
Completed 200 OK in 26ms (Views: 19.9ms | ActiveRecord: 0.0ms)


Started GET "/users" for 127.0.0.1 at 2018-04-17 18:58:15 +0530
Processing by UsersController#index as HTML
  Rendering users/index.html.erb within layouts/application
  [1m[36mUser Load (0.3ms)[0m  [1m[34mSELECT `users`.* FROM `users`[0m
  ↳ app/views/users/index.html.erb:15
  Rendered users/index.html.erb within layouts/application (7.7ms)
Completed 200 OK in 35ms (Views: 32.2ms | ActiveRecord: 1.5ms)


Started GET "/" for 127.0.0.1 at 2018-04-17 19:08:11 +0530
  [1m[35m (0.2ms)[0m  [1m[35mSET NAMES utf8,  @@SESSION.sql_mode = CONCAT(CONCAT(@@sql_mode, ',STRICT_ALL_TABLES'), ',NO_AUTO_VALUE_ON_ZERO'),  @@SESSION.sql_auto_is_null = 0, @@SESSION.wait_timeout = 2147483[0m
  ↳ /home/webonise/.rvm/gems/ruby-2.4.1/gems/activerecord-5.2.0/lib/active_record/log_subscriber.rb:98
Processing by UsersController#index as HTML
  Rendering users/index.html.erb within layouts/application
  [1m[36mUser Load (0.3ms)[0m  [1m[34mSELECT `users`.* FROM `users`[0m
  ↳ app/views/users/index.html.erb:15
  Rendered users/index.html.erb within layouts/application (7.3ms)
Completed 200 OK in 22ms (Views: 18.2ms | ActiveRecord: 1.1ms)


Started GET "/users/new" for 127.0.0.1 at 2018-04-17 19:13:15 +0530
Processing by UsersController#new as HTML
  Rendering users/new.html.erb within layouts/application
  Rendered users/_form.html.erb (10.7ms)
  Rendered users/new.html.erb within layouts/application (16.8ms)
Completed 200 OK in 64ms (Views: 58.3ms | ActiveRecord: 0.0ms)


  [1m[35m (0.3ms)[0m  [1m[35mSET NAMES utf8,  @@SESSION.sql_mode = CONCAT(CONCAT(@@sql_mode, ',STRICT_ALL_TABLES'), ',NO_AUTO_VALUE_ON_ZERO'),  @@SESSION.sql_auto_is_null = 0, @@SESSION.wait_timeout = 2147483[0m
  ↳ bin/rails:9
  [1m[35m (0.2ms)[0m  [1m[34mSELECT GET_LOCK('3495111854784753105', 0)[0m
  ↳ bin/rails:9
  [1m[35m (0.2ms)[0m  [1m[34mSELECT `schema_migrations`.`version` FROM `schema_migrations` ORDER BY `schema_migrations`.`version` ASC[0m
  ↳ bin/rails:9
Migrating to CreatePosts (20180417140557)
  [1m[35m (490.7ms)[0m  [1m[35mCREATE TABLE `posts` (`id` bigint NOT NULL AUTO_INCREMENT PRIMARY KEY, `content` text, `user_id` int, `created_at` datetime NOT NULL, `updated_at` datetime NOT NULL)[0m
  ↳ db/migrate/20180417140557_create_posts.rb:3
  [1m[35m (0.6ms)[0m  [1m[35mBEGIN[0m
  ↳ bin/rails:9
  [1m[36mActiveRecord::SchemaMigration Create (0.9ms)[0m  [1m[32mINSERT INTO `schema_migrations` (`version`) VALUES ('20180417140557')[0m
  ↳ bin/rails:9
  [1m[35m (94.7ms)[0m  [1m[35mCOMMIT[0m
  ↳ bin/rails:9
  [1m[36mActiveRecord::InternalMetadata Load (0.3ms)[0m  [1m[34mSELECT  `ar_internal_metadata`.* FROM `ar_internal_metadata` WHERE `ar_internal_metadata`.`key` = 'environment' LIMIT 1[0m
  ↳ bin/rails:9
  [1m[35m (0.2ms)[0m  [1m[35mBEGIN[0m
  ↳ bin/rails:9
  [1m[35m (0.1ms)[0m  [1m[35mCOMMIT[0m
  ↳ bin/rails:9
  [1m[35m (0.2ms)[0m  [1m[34mSELECT RELEASE_LOCK('3495111854784753105')[0m
  ↳ bin/rails:9
  [1m[35m (0.2ms)[0m  [1m[34mSELECT `schema_migrations`.`version` FROM `schema_migrations` ORDER BY `schema_migrations`.`version` ASC[0m
  ↳ bin/rails:9
Started GET "/users" for 127.0.0.1 at 2018-04-17 19:39:08 +0530
  [1m[35m (0.2ms)[0m  [1m[35mSET NAMES utf8,  @@SESSION.sql_mode = CONCAT(CONCAT(@@sql_mode, ',STRICT_ALL_TABLES'), ',NO_AUTO_VALUE_ON_ZERO'),  @@SESSION.sql_auto_is_null = 0, @@SESSION.wait_timeout = 2147483[0m
  ↳ /home/webonise/.rvm/gems/ruby-2.4.1/gems/activerecord-5.2.0/lib/active_record/log_subscriber.rb:98
  [1m[35m (0.3ms)[0m  [1m[34mSELECT `schema_migrations`.`version` FROM `schema_migrations` ORDER BY `schema_migrations`.`version` ASC[0m
  ↳ /home/webonise/.rvm/gems/ruby-2.4.1/gems/activerecord-5.2.0/lib/active_record/log_subscriber.rb:98
Processing by UsersController#index as HTML
  Rendering users/index.html.erb within layouts/application
  [1m[36mUser Load (0.3ms)[0m  [1m[34mSELECT `users`.* FROM `users`[0m
  ↳ app/views/users/index.html.erb:15
  Rendered users/index.html.erb within layouts/application (6.9ms)
Completed 200 OK in 40ms (Views: 36.9ms | ActiveRecord: 1.2ms)


Started GET "/posts" for 127.0.0.1 at 2018-04-17 19:39:11 +0530
Processing by PostsController#index as HTML
  Rendering posts/index.html.erb within layouts/application
  [1m[36mPost Load (0.4ms)[0m  [1m[34mSELECT `posts`.* FROM `posts`[0m
  ↳ app/views/posts/index.html.erb:15
  Rendered posts/index.html.erb within layouts/application (4.4ms)
Completed 200 OK in 36ms (Views: 28.3ms | ActiveRecord: 0.8ms)


Started GET "/posts/new" for 127.0.0.1 at 2018-04-17 19:39:15 +0530
Processing by PostsController#new as HTML
  Rendering posts/new.html.erb within layouts/application
  Rendered posts/_form.html.erb (45.6ms)
  Rendered posts/new.html.erb within layouts/application (47.9ms)
Completed 200 OK in 93ms (Views: 77.5ms | ActiveRecord: 1.5ms)


Started GET "/" for 127.0.0.1 at 2018-04-17 19:39:21 +0530
Processing by UsersController#index as HTML
  Rendering users/index.html.erb within layouts/application
  [1m[36mUser Load (0.3ms)[0m  [1m[34mSELECT `users`.* FROM `users`[0m
  ↳ app/views/users/index.html.erb:15
  Rendered users/index.html.erb within layouts/application (2.6ms)
Completed 200 OK in 22ms (Views: 20.2ms | ActiveRecord: 0.3ms)


Started GET "/posts" for 127.0.0.1 at 2018-04-17 19:40:17 +0530
Processing by PostsController#index as HTML
  Rendering posts/index.html.erb within layouts/application
  [1m[36mPost Load (0.4ms)[0m  [1m[34mSELECT `posts`.* FROM `posts`[0m
  ↳ app/views/posts/index.html.erb:15
  Rendered posts/index.html.erb within layouts/application (2.0ms)
Completed 200 OK in 23ms (Views: 21.7ms | ActiveRecord: 0.4ms)


Started GET "/posts/new" for 127.0.0.1 at 2018-04-17 19:40:19 +0530
Processing by PostsController#new as HTML
  Rendering posts/new.html.erb within layouts/application
  Rendered posts/_form.html.erb (4.9ms)
  Rendered posts/new.html.erb within layouts/application (7.3ms)
Completed 200 OK in 30ms (Views: 27.0ms | ActiveRecord: 0.0ms)


Started POST "/posts" for 127.0.0.1 at 2018-04-17 19:40:42 +0530
Processing by PostsController#create as HTML
  Parameters: {"utf8"=>"✓", "authenticity_token"=>"tZM0Y/0lmTJDa8wPyDZjiSPgQBiV6bfr8T7KKotgS9fdKPpk3YrH73fJjrvofB/ntZg70FyB9V21ww/8iDq3Yw==", "post"=>{"content"=>"I love cats.", "user_id"=>"2"}, "commit"=>"Create Post"}
  [1m[35m (0.3ms)[0m  [1m[35mBEGIN[0m
  ↳ app/controllers/posts_controller.rb:30
  [1m[36mPost Create (1.2ms)[0m  [1m[32mINSERT INTO `posts` (`content`, `user_id`, `created_at`, `updated_at`) VALUES ('I love cats.', 2, '2018-04-17 14:10:42', '2018-04-17 14:10:42')[0m
  ↳ app/controllers/posts_controller.rb:30
  [1m[35m (136.7ms)[0m  [1m[35mCOMMIT[0m
  ↳ app/controllers/posts_controller.rb:30
Redirected to http://localhost:3000/posts/1
Completed 302 Found in 149ms (ActiveRecord: 138.2ms)


Started GET "/posts/1" for 127.0.0.1 at 2018-04-17 19:40:42 +0530
Processing by PostsController#show as HTML
  Parameters: {"id"=>"1"}
  [1m[36mPost Load (1.0ms)[0m  [1m[34mSELECT  `posts`.* FROM `posts` WHERE `posts`.`id` = 1 LIMIT 1[0m
  ↳ app/controllers/posts_controller.rb:67
  Rendering posts/show.html.erb within layouts/application
  Rendered posts/show.html.erb within layouts/application (1.2ms)
Completed 200 OK in 32ms (Views: 23.6ms | ActiveRecord: 1.0ms)


Started GET "/posts" for 127.0.0.1 at 2018-04-17 19:47:12 +0530
  [1m[35m (0.8ms)[0m  [1m[35mSET NAMES utf8,  @@SESSION.sql_mode = CONCAT(CONCAT(@@sql_mode, ',STRICT_ALL_TABLES'), ',NO_AUTO_VALUE_ON_ZERO'),  @@SESSION.sql_auto_is_null = 0, @@SESSION.wait_timeout = 2147483[0m
  ↳ /home/webonise/.rvm/gems/ruby-2.4.1/gems/activerecord-5.2.0/lib/active_record/log_subscriber.rb:98
Processing by PostsController#index as HTML
  Rendering posts/index.html.erb within layouts/application
  [1m[36mPost Load (0.8ms)[0m  [1m[34mSELECT `posts`.* FROM `posts`[0m
  ↳ app/views/posts/index.html.erb:15
  Rendered posts/index.html.erb within layouts/application (4.6ms)
Completed 200 OK in 37ms (Views: 31.5ms | ActiveRecord: 0.8ms)


Started GET "/posts/new" for 127.0.0.1 at 2018-04-17 19:47:13 +0530
Processing by PostsController#new as HTML
  Rendering posts/new.html.erb within layouts/application
  Rendered posts/_form.html.erb (5.4ms)
  Rendered posts/new.html.erb within layouts/application (10.6ms)
Completed 200 OK in 49ms (Views: 45.0ms | ActiveRecord: 0.0ms)


Started POST "/posts" for 127.0.0.1 at 2018-04-17 19:47:16 +0530
Processing by PostsController#create as HTML
  Parameters: {"utf8"=>"✓", "authenticity_token"=>"SPw6wDRQtwrTbOwTiUKJ1tJ8rmpwUZWpgV8un9YMbL8gR/THFP/p1+fOrqepCPW4RATVork51x/FoutJ1VaQCw==", "post"=>{"content"=>"", "user_id"=>""}, "commit"=>"Create Post"}
  [1m[35m (0.5ms)[0m  [1m[35mBEGIN[0m
  ↳ app/controllers/posts_controller.rb:30
  [1m[36mPost Create (0.5ms)[0m  [1m[32mINSERT INTO `posts` (`content`, `created_at`, `updated_at`) VALUES ('', '2018-04-17 14:17:16', '2018-04-17 14:17:16')[0m
  ↳ app/controllers/posts_controller.rb:30
  [1m[35m (112.1ms)[0m  [1m[35mCOMMIT[0m
  ↳ app/controllers/posts_controller.rb:30
Redirected to http://localhost:3000/posts/2
Completed 302 Found in 121ms (ActiveRecord: 113.1ms)


Started GET "/posts/2" for 127.0.0.1 at 2018-04-17 19:47:16 +0530
Processing by PostsController#show as HTML
  Parameters: {"id"=>"2"}
  [1m[36mPost Load (0.2ms)[0m  [1m[34mSELECT  `posts`.* FROM `posts` WHERE `posts`.`id` = 2 LIMIT 1[0m
  ↳ app/controllers/posts_controller.rb:67
  Rendering posts/show.html.erb within layouts/application
  Rendered posts/show.html.erb within layouts/application (0.6ms)
Completed 200 OK in 21ms (Views: 18.9ms | ActiveRecord: 0.2ms)


Started GET "/posts" for 127.0.0.1 at 2018-04-17 19:47:19 +0530
Processing by PostsController#index as HTML
  Rendering posts/index.html.erb within layouts/application
  [1m[36mPost Load (0.7ms)[0m  [1m[34mSELECT `posts`.* FROM `posts`[0m
  ↳ app/views/posts/index.html.erb:15
  Rendered posts/index.html.erb within layouts/application (5.1ms)
Completed 200 OK in 38ms (Views: 32.0ms | ActiveRecord: 0.7ms)


Started DELETE "/posts/2" for 127.0.0.1 at 2018-04-17 19:47:54 +0530
Processing by PostsController#destroy as HTML
  Parameters: {"authenticity_token"=>"GGxmg+396M8dvOCa+t9cpjLW1E53gOstg0fynxZwzke5xgIO5V/3jRPP3mZpkEYgHJqgUHUwiP3HcoGAuyA6VQ==", "id"=>"2"}
  [1m[36mPost Load (1.1ms)[0m  [1m[34mSELECT  `posts`.* FROM `posts` WHERE `posts`.`id` = 2 LIMIT 1[0m
  ↳ app/controllers/posts_controller.rb:67
  [1m[35m (0.6ms)[0m  [1m[35mBEGIN[0m
  ↳ app/controllers/posts_controller.rb:57
  [1m[36mPost Destroy (1.1ms)[0m  [1m[31mDELETE FROM `posts` WHERE `posts`.`id` = 2[0m
  ↳ app/controllers/posts_controller.rb:57
  [1m[35m (47.8ms)[0m  [1m[35mCOMMIT[0m
  ↳ app/controllers/posts_controller.rb:57
Redirected to http://localhost:3000/posts
Completed 302 Found in 64ms (ActiveRecord: 50.7ms)


Started GET "/posts" for 127.0.0.1 at 2018-04-17 19:47:54 +0530
Processing by PostsController#index as HTML
  Rendering posts/index.html.erb within layouts/application
  [1m[36mPost Load (1.2ms)[0m  [1m[34mSELECT `posts`.* FROM `posts`[0m
  ↳ app/views/posts/index.html.erb:15
  Rendered posts/index.html.erb within layouts/application (8.7ms)
Completed 200 OK in 76ms (Views: 70.0ms | ActiveRecord: 1.2ms)


